make --dry-run --always-make --keep-going --print-directory
make: Entering directory `/Users/yoonslee/Desktop/ps_test'
cc -c -Wall -Wextra -Werror push_swap.c get_real_args.c error.c check_argv.c stack_init.c rotate.c push.c reverse_rotate.c swap.c small_sort.c is_sorted.c utils.c sort_algo.c sort_algo_continue.c utils2.c array.c find_median.c -I push_swap.h
cc -c -Wall -Wextra -Werror push_swap.c get_real_args.c error.c check_argv.c stack_init.c rotate.c push.c reverse_rotate.c swap.c small_sort.c is_sorted.c utils.c sort_algo.c sort_algo_continue.c utils2.c array.c find_median.c -I push_swap.h
cc -c -Wall -Wextra -Werror push_swap.c get_real_args.c error.c check_argv.c stack_init.c rotate.c push.c reverse_rotate.c swap.c small_sort.c is_sorted.c utils.c sort_algo.c sort_algo_continue.c utils2.c array.c find_median.c -I push_swap.h
cc -c -Wall -Wextra -Werror push_swap.c get_real_args.c error.c check_argv.c stack_init.c rotate.c push.c reverse_rotate.c swap.c small_sort.c is_sorted.c utils.c sort_algo.c sort_algo_continue.c utils2.c array.c find_median.c -I push_swap.h
cc -c -Wall -Wextra -Werror push_swap.c get_real_args.c error.c check_argv.c stack_init.c rotate.c push.c reverse_rotate.c swap.c small_sort.c is_sorted.c utils.c sort_algo.c sort_algo_continue.c utils2.c array.c find_median.c -I push_swap.h
cc -c -Wall -Wextra -Werror push_swap.c get_real_args.c error.c check_argv.c stack_init.c rotate.c push.c reverse_rotate.c swap.c small_sort.c is_sorted.c utils.c sort_algo.c sort_algo_continue.c utils2.c array.c find_median.c -I push_swap.h
cc -c -Wall -Wextra -Werror push_swap.c get_real_args.c error.c check_argv.c stack_init.c rotate.c push.c reverse_rotate.c swap.c small_sort.c is_sorted.c utils.c sort_algo.c sort_algo_continue.c utils2.c array.c find_median.c -I push_swap.h
cc -c -Wall -Wextra -Werror push_swap.c get_real_args.c error.c check_argv.c stack_init.c rotate.c push.c reverse_rotate.c swap.c small_sort.c is_sorted.c utils.c sort_algo.c sort_algo_continue.c utils2.c array.c find_median.c -I push_swap.h
cc -c -Wall -Wextra -Werror push_swap.c get_real_args.c error.c check_argv.c stack_init.c rotate.c push.c reverse_rotate.c swap.c small_sort.c is_sorted.c utils.c sort_algo.c sort_algo_continue.c utils2.c array.c find_median.c -I push_swap.h
cc -c -Wall -Wextra -Werror push_swap.c get_real_args.c error.c check_argv.c stack_init.c rotate.c push.c reverse_rotate.c swap.c small_sort.c is_sorted.c utils.c sort_algo.c sort_algo_continue.c utils2.c array.c find_median.c -I push_swap.h
cc -c -Wall -Wextra -Werror push_swap.c get_real_args.c error.c check_argv.c stack_init.c rotate.c push.c reverse_rotate.c swap.c small_sort.c is_sorted.c utils.c sort_algo.c sort_algo_continue.c utils2.c array.c find_median.c -I push_swap.h
cc -c -Wall -Wextra -Werror push_swap.c get_real_args.c error.c check_argv.c stack_init.c rotate.c push.c reverse_rotate.c swap.c small_sort.c is_sorted.c utils.c sort_algo.c sort_algo_continue.c utils2.c array.c find_median.c -I push_swap.h
cc -c -Wall -Wextra -Werror push_swap.c get_real_args.c error.c check_argv.c stack_init.c rotate.c push.c reverse_rotate.c swap.c small_sort.c is_sorted.c utils.c sort_algo.c sort_algo_continue.c utils2.c array.c find_median.c -I push_swap.h
cc -c -Wall -Wextra -Werror push_swap.c get_real_args.c error.c check_argv.c stack_init.c rotate.c push.c reverse_rotate.c swap.c small_sort.c is_sorted.c utils.c sort_algo.c sort_algo_continue.c utils2.c array.c find_median.c -I push_swap.h
cc -c -Wall -Wextra -Werror push_swap.c get_real_args.c error.c check_argv.c stack_init.c rotate.c push.c reverse_rotate.c swap.c small_sort.c is_sorted.c utils.c sort_algo.c sort_algo_continue.c utils2.c array.c find_median.c -I push_swap.h
cc -c -Wall -Wextra -Werror push_swap.c get_real_args.c error.c check_argv.c stack_init.c rotate.c push.c reverse_rotate.c swap.c small_sort.c is_sorted.c utils.c sort_algo.c sort_algo_continue.c utils2.c array.c find_median.c -I push_swap.h
cc -c -Wall -Wextra -Werror push_swap.c get_real_args.c error.c check_argv.c stack_init.c rotate.c push.c reverse_rotate.c swap.c small_sort.c is_sorted.c utils.c sort_algo.c sort_algo_continue.c utils2.c array.c find_median.c -I push_swap.h
make -C libft all
cc -Wall -Wextra -Werror push_swap.o get_real_args.o error.o check_argv.o stack_init.o rotate.o push.o reverse_rotate.o swap.o small_sort.o is_sorted.o utils.o sort_algo.o sort_algo_continue.o utils2.o array.o find_median.o -o push_swap libft/libft.a
make: Leaving directory `/Users/yoonslee/Desktop/ps_test'
 
