make all --print-data-base --no-builtin-variables --no-builtin-rules --question
# GNU Make 3.81
# Copyright (C) 2006  Free Software Foundation, Inc.
# This is free software; see the source for copying conditions.
# There is NO warranty; not even for MERCHANTABILITY or FITNESS FOR A
# PARTICULAR PURPOSE.

# This program built for i386-apple-darwin11.3.0
 

# Make data base, printed on Tue May 16 17:19:52 2023

# Variables

# automatic
<D = $(patsubst %/,%,$(dir $<))
# automatic
?F = $(notdir $?)
# environment
VSCODE_CRASH_REPORTER_PROCESS_TYPE = extensionHost
# automatic
?D = $(patsubst %/,%,$(dir $?))
# automatic
@D = $(patsubst %/,%,$(dir $@))
# automatic
@F = $(notdir $@)
# makefile
CURDIR := /Users/yoonslee/Desktop/ps_test
# makefile
SHELL = /bin/sh
# environment
VSCODE_NLS_CONFIG = {"locale":"en-us","osLocale":"en","availableLanguages":{},"_languagePackSupport":true}
# environment
_ = /usr/bin/make
# makefile (from `Makefile', line 1)
MAKEFILE_LIST :=  Makefile
# makefile (from `Makefile', line 17)
OBJS = $(SRCS:.c=.o)
# environment
VSCODE_CWD = /
# environment
Apple_PubSub_Socket_Render = /private/tmp/com.apple.launchd.mmexviWfY5/Render
# environment
PATH = /Users/yoonslee/.brew/bin:/usr/local/bin:/usr/bin:/bin:/usr/sbin:/sbin:/usr/local/munki:/Library/Frameworks/Mono.framework/Versions/Current/Commands
# environment
ELECTRON_RUN_AS_NODE = 1
# default
.FEATURES := target-specific order-only second-expansion else-if archives jobserver check-symlink
# environment
SSH_AUTH_SOCK = /private/tmp/com.apple.launchd.sUQr4cW5yY/Listeners
# automatic
%F = $(notdir $%)
# environment
PWD = /Users/yoonslee/Desktop/ps_test
# environment
ORIGINAL_XDG_CURRENT_DESKTOP = undefined
# environment
VSCODE_AMD_ENTRYPOINT = vs/workbench/api/node/extensionHostProcess
# environment
HOME = /Users/yoonslee
# default
MAKEFILEPATH := /Applications/Xcode.app/Contents/Developer/Makefiles
# environment
VSCODE_CODE_CACHE_PATH = /Users/yoonslee/Library/Application Support/Code/CachedData/252e5463d60e63238250799aef7375787f68b4ee
# environment
LOGNAME = yoonslee
# environment
APPLICATION_INSIGHTS_NO_DIAGNOSTIC_CHANNEL = 1
# environment
VSCODE_HANDLES_UNCAUGHT_ERRORS = true
# automatic
^D = $(patsubst %/,%,$(dir $^))
# environment
XPC_FLAGS = 0x0
# default
MAKE = $(MAKE_COMMAND)
# default
MAKECMDGOALS := all
# makefile (from `Makefile', line 14)
SRCS = push_swap.c get_real_args.c error.c check_argv.c stack_init.c rotate.c push.c reverse_rotate.c swap.c small_sort.c is_sorted.c utils.c sort_algo.c sort_algo_continue.c utils2.c array.c find_median.c
# environment
SHLVL = 1
# default
MAKE_VERSION := 3.81
# environment
USER = yoonslee
# makefile
.DEFAULT_GOAL := all
# makefile (from `Makefile', line 13)
NAME = push_swap
# automatic
%D = $(patsubst %/,%,$(dir $%))
# default
MAKE_COMMAND := /Applications/Xcode.app/Contents/Developer/usr/bin/make
# default
.VARIABLES := 
# environment
TMPDIR = /var/folders/zz/zyxvpxvq6csfxvn_n0000mww000577/T/
# automatic
*F = $(notdir $*)
# environment
VSCODE_IPC_HOOK = /Users/yoonslee/Library/Application Support/Code/1.78-main.sock
# environment
MallocNanoZone = 0
# makefile
MAKEFLAGS = Rrqp
# environment
MFLAGS = -Rrqp
# automatic
*D = $(patsubst %/,%,$(dir $*))
# environment
XPC_SERVICE_NAME = com.apple.xpc.launchd.oneshot.0x10000012.Electron
# automatic
+D = $(patsubst %/,%,$(dir $+))
# environment
VSCODE_L10N_BUNDLE_LOCATION = 
# automatic
+F = $(notdir $+)
# environment
__CF_USER_TEXT_ENCODING = 0x14E7:0x0:0x0
# environment
COMMAND_MODE = unix2003
# default
MAKEFILES := 
# automatic
<F = $(notdir $<)
# environment
LC_ALL = C
# makefile (from `Makefile', line 19)
HEADER = push_swap.h
# environment
SECURITYSESSIONID = 18738
# automatic
^F = $(notdir $^)
# default
SUFFIXES := 
# makefile (from `Makefile', line 20)
FLAGS = -Wall -Wextra -Werror
# default
.INCLUDE_DIRS = /usr/local/include
# environment
MAKELEVEL := 0
# environment
LANG = C
# environment
VSCODE_PID = 26329
# variable set hash-table stats:
# Load=66/1024=6%, Rehash=0, Collisions=4/97=4%

# Pattern-specific Variable Values

# No pattern-specific variable values.

# Directories

# . (device 16777227, inode 923729): 46 files, no impossibilities.

# 46 files, no impossibilities in 1 directories.

# Implicit Rules

# No implicit rules.

# Files

# Not a target:
get_real_args.c:
#  Implicit rule search has been done.
#  Last modified 2023-05-16 14:23:45
#  File has been updated.
#  Successfully updated.
# variable set hash-table stats:
# Load=0/32=0%, Rehash=0, Collisions=0/0=0%

sort_algo.o: push_swap.c get_real_args.c error.c check_argv.c stack_init.c rotate.c push.c reverse_rotate.c swap.c small_sort.c is_sorted.c utils.c sort_algo.c sort_algo_continue.c utils2.c array.c find_median.c
#  Implicit rule search has not been done.
#  Last modified 2023-05-16 15:05:38
#  File has been updated.
#  Successfully updated.
#  commands to execute (from `Makefile', line 29):
	cc -c $(FLAGS) $(SRCS) -I $(HEADER)
	

find_median.o: push_swap.c get_real_args.c error.c check_argv.c stack_init.c rotate.c push.c reverse_rotate.c swap.c small_sort.c is_sorted.c utils.c sort_algo.c sort_algo_continue.c utils2.c array.c find_median.c
#  Implicit rule search has not been done.
#  Last modified 2023-05-16 15:05:38
#  File has been updated.
#  Successfully updated.
#  commands to execute (from `Makefile', line 29):
	cc -c $(FLAGS) $(SRCS) -I $(HEADER)
	

reverse_rotate.o: push_swap.c get_real_args.c error.c check_argv.c stack_init.c rotate.c push.c reverse_rotate.c swap.c small_sort.c is_sorted.c utils.c sort_algo.c sort_algo_continue.c utils2.c array.c find_median.c
#  Implicit rule search has not been done.
#  Last modified 2023-05-16 15:05:38
#  File has been updated.
#  Successfully updated.
#  commands to execute (from `Makefile', line 29):
	cc -c $(FLAGS) $(SRCS) -I $(HEADER)
	

stack_init.o: push_swap.c get_real_args.c error.c check_argv.c stack_init.c rotate.c push.c reverse_rotate.c swap.c small_sort.c is_sorted.c utils.c sort_algo.c sort_algo_continue.c utils2.c array.c find_median.c
#  Implicit rule search has not been done.
#  Last modified 2023-05-16 15:05:37
#  File has been updated.
#  Successfully updated.
#  commands to execute (from `Makefile', line 29):
	cc -c $(FLAGS) $(SRCS) -I $(HEADER)
	

all,:
#  Phony target (prerequisite of .PHONY).
#  Implicit rule search has not been done.
#  File does not exist.
#  File has not been updated.

# Not a target:
push_swap.c:
#  Implicit rule search has been done.
#  Last modified 2023-05-16 14:53:56
#  File has been updated.
#  Successfully updated.
# variable set hash-table stats:
# Load=0/32=0%, Rehash=0, Collisions=0/0=0%

is_sorted.o: push_swap.c get_real_args.c error.c check_argv.c stack_init.c rotate.c push.c reverse_rotate.c swap.c small_sort.c is_sorted.c utils.c sort_algo.c sort_algo_continue.c utils2.c array.c find_median.c
#  Implicit rule search has not been done.
#  Last modified 2023-05-16 15:05:38
#  File has been updated.
#  Successfully updated.
#  commands to execute (from `Makefile', line 29):
	cc -c $(FLAGS) $(SRCS) -I $(HEADER)
	

all: push_swap
#  Command-line target.
#  Implicit rule search has been done.
#  File does not exist.
#  File has been updated.
#  Successfully updated.
# variable set hash-table stats:
# Load=0/32=0%, Rehash=0, Collisions=0/0=0%

# Not a target:
utils.c:
#  Implicit rule search has been done.
#  Last modified 2023-05-16 13:38:08
#  File has been updated.
#  Successfully updated.
# variable set hash-table stats:
# Load=0/32=0%, Rehash=0, Collisions=0/0=0%

.PHONY: all, clean, fclean, re
#  Implicit rule search has not been done.
#  Modification time never checked.
#  File has not been updated.

check_argv.o: push_swap.c get_real_args.c error.c check_argv.c stack_init.c rotate.c push.c reverse_rotate.c swap.c small_sort.c is_sorted.c utils.c sort_algo.c sort_algo_continue.c utils2.c array.c find_median.c
#  Implicit rule search has not been done.
#  Last modified 2023-05-16 15:05:37
#  File has been updated.
#  Successfully updated.
#  commands to execute (from `Makefile', line 29):
	cc -c $(FLAGS) $(SRCS) -I $(HEADER)
	

# Not a target:
swap.c:
#  Implicit rule search has been done.
#  Last modified 2023-05-15 08:33:41
#  File has been updated.
#  Successfully updated.
# variable set hash-table stats:
# Load=0/32=0%, Rehash=0, Collisions=0/0=0%

 
rotate.o: push_swap.c get_real_args.c error.c check_argv.c stack_init.c rotate.c push.c reverse_rotate.c swap.c small_sort.c is_sorted.c utils.c sort_algo.c sort_algo_continue.c utils2.c array.c find_median.c
#  Implicit rule search has not been done.
#  Last modified 2023-05-16 15:05:37
#  File has been updated.
#  Successfully updated.
#  commands to execute (from `Makefile', line 29):
	cc -c $(FLAGS) $(SRCS) -I $(HEADER)
	

utils2.o: push_swap.c get_real_args.c error.c check_argv.c stack_init.c rotate.c push.c reverse_rotate.c swap.c small_sort.c is_sorted.c utils.c sort_algo.c sort_algo_continue.c utils2.c array.c find_median.c
#  Implicit rule search has not been done.
#  Last modified 2023-05-16 15:05:38
#  File has been updated.
#  Successfully updated.
#  commands to execute (from `Makefile', line 29):
	cc -c $(FLAGS) $(SRCS) -I $(HEADER)
	

# Not a target:
array.c:
#  Implicit rule search has been done.
#  Last modified 2023-05-15 08:32:44
#  File has been updated.
#  Successfully updated.
# variable set hash-table stats:
# Load=0/32=0%, Rehash=0, Collisions=0/0=0%

# Not a target:
.SUFFIXES:
#  Implicit rule search has not been done.
#  Modification time never checked.
#  File has not been updated.

push.o: push_swap.c get_real_args.c error.c check_argv.c stack_init.c rotate.c push.c reverse_rotate.c swap.c small_sort.c is_sorted.c utils.c sort_algo.c sort_algo_continue.c utils2.c array.c find_median.c
#  Implicit rule search has not been done.
#  Last modified 2023-05-16 15:05:37
#  File has been updated.
#  Successfully updated.
#  commands to execute (from `Makefile', line 29):
	cc -c $(FLAGS) $(SRCS) -I $(HEADER)
	

small_sort.o: push_swap.c get_real_args.c error.c check_argv.c stack_init.c rotate.c push.c reverse_rotate.c swap.c small_sort.c is_sorted.c utils.c sort_algo.c sort_algo_continue.c utils2.c array.c find_median.c
#  Implicit rule search has not been done.
#  Last modified 2023-05-16 15:05:38
#  File has been updated.
#  Successfully updated.
#  commands to execute (from `Makefile', line 29):
	cc -c $(FLAGS) $(SRCS) -I $(HEADER)
	

# Not a target:
Makefile:
#  Implicit rule search has been done.
#  Last modified 2023-05-15 09:41:04
#  File has been updated.
#  Successfully updated.
# variable set hash-table stats:
# Load=0/32=0%, Rehash=0, Collisions=0/0=0%

array.o: push_swap.c get_real_args.c error.c check_argv.c stack_init.c rotate.c push.c reverse_rotate.c swap.c small_sort.c is_sorted.c utils.c sort_algo.c sort_algo_continue.c utils2.c array.c find_median.c
#  Implicit rule search has not been done.
#  Last modified 2023-05-16 15:05:38
#  File has been updated.
#  Successfully updated.
#  commands to execute (from `Makefile', line 29):
	cc -c $(FLAGS) $(SRCS) -I $(HEADER)
	

# Not a target:
sort_algo.c:
#  Implicit rule search has been done.
#  Last modified 2023-05-16 13:30:10
#  File has been updated.
#  Successfully updated.
# variable set hash-table stats:
# Load=0/32=0%, Rehash=0, Collisions=0/0=0%

# Not a target:
find_median.c:
#  Implicit rule search has been done.
#  Last modified 2023-05-15 09:22:42
#  File has been updated.
#  Successfully updated.
# variable set hash-table stats:
# Load=0/32=0%, Rehash=0, Collisions=0/0=0%

# Not a target:
reverse_rotate.c:
#  Implicit rule search has been done.
#  Last modified 2023-05-12 16:07:27
#  File has been updated.
#  Successfully updated.
# variable set hash-table stats:
# Load=0/32=0%, Rehash=0, Collisions=0/0=0%

# Not a target:
stack_init.c:
#  Implicit rule search has been done.
#  Last modified 2023-05-15 10:35:29
#  File has been updated.
#  Successfully updated.
# variable set hash-table stats:
# Load=0/32=0%, Rehash=0, Collisions=0/0=0%

error.o: push_swap.c get_real_args.c error.c check_argv.c stack_init.c rotate.c push.c reverse_rotate.c swap.c small_sort.c is_sorted.c utils.c sort_algo.c sort_algo_continue.c utils2.c array.c find_median.c
#  Implicit rule search has not been done.
#  Last modified 2023-05-16 15:05:37
#  File has been updated.
#  Successfully updated.
#  commands to execute (from `Makefile', line 29):
	cc -c $(FLAGS) $(SRCS) -I $(HEADER)
	

fclean,:
#  Phony target (prerequisite of .PHONY).
#  Implicit rule search has not been done.
#  File does not exist.
#  File has not been updated.

# Not a target:
is_sorted.c:
#  Implicit rule search has been done.
#  Last modified 2023-05-15 08:33:07
#  File has been updated.
#  Successfully updated.
# variable set hash-table stats:
# Load=0/32=0%, Rehash=0, Collisions=0/0=0%

fclean: clean
#  Implicit rule search has not been done.
#  Modification time never checked.
#  File has not been updated.
#  commands to execute (from `Makefile', line 36):
	rm -rf $(NAME)
	rm -rf libft/libft.a
	

# Not a target:
check_argv.c:
#  Implicit rule search has been done.
#  Last modified 2023-05-16 14:53:52
#  File has been updated.
#  Successfully updated.
# variable set hash-table stats:
# Load=0/32=0%, Rehash=0, Collisions=0/0=0%

# Not a target:
rotate.c:
#  Implicit rule search has been done.
#  Last modified 2023-05-12 16:08:00
#  File has been updated.
#  Successfully updated.
# variable set hash-table stats:
# Load=0/32=0%, Rehash=0, Collisions=0/0=0%

sort_algo_continue.o: push_swap.c get_real_args.c error.c check_argv.c stack_init.c rotate.c push.c reverse_rotate.c swap.c small_sort.c is_sorted.c utils.c sort_algo.c sort_algo_continue.c utils2.c array.c find_median.c
#  Implicit rule search has not been done.
#  Last modified 2023-05-16 15:05:38
#  File has been updated.
#  Successfully updated.
#  commands to execute (from `Makefile', line 29):
	cc -c $(FLAGS) $(SRCS) -I $(HEADER)
	

# Not a target:
utils2.c:
#  Implicit rule search has been done.
#  Last modified 2023-05-16 15:05:29
#  File has been updated.
#  Successfully updated.
# variable set hash-table stats:
# Load=0/32=0%, Rehash=0, Collisions=0/0=0%

# Not a target:
.DEFAULT:
#  Implicit rule search has not been done.
#  Modification time never checked.
#  File has not been updated.

clean,:
#  Phony target (prerequisite of .PHONY).
#  Implicit rule search has not been done.
#  File does not exist.
#  File has not been updated.

# Not a target:
push.c:
#  Implicit rule search has been done.
#  Last modified 2023-05-12 16:12:36
#  File has been updated.
#  Successfully updated.
# variable set hash-table stats:
# Load=0/32=0%, Rehash=0, Collisions=0/0=0%

# Not a target:
small_sort.c:
#  Implicit rule search has been done.
#  Last modified 2023-05-12 09:48:39
#  File has been updated.
#  Successfully updated.
# variable set hash-table stats:
# Load=0/32=0%, Rehash=0, Collisions=0/0=0%

get_real_args.o: push_swap.c get_real_args.c error.c check_argv.c stack_init.c rotate.c push.c reverse_rotate.c swap.c small_sort.c is_sorted.c utils.c sort_algo.c sort_algo_continue.c utils2.c array.c find_median.c
#  Implicit rule search has not been done.
#  Last modified 2023-05-16 15:05:37
#  File has been updated.
#  Successfully updated.
#  commands to execute (from `Makefile', line 29):
	cc -c $(FLAGS) $(SRCS) -I $(HEADER)
	

re: fclean clean all
#  Phony target (prerequisite of .PHONY).
#  Implicit rule search has not been done.
#  File does not exist.
#  File has not been updated.

clean:
#  Implicit rule search has not been done.
#  Modification time never checked.
#  File has not been updated.
#  commands to execute (from `Makefile', line 32):
	rm -rf $(OBJS)
	make -C libft clean
	

push_swap.o: push_swap.c get_real_args.c error.c check_argv.c stack_init.c rotate.c push.c reverse_rotate.c swap.c small_sort.c is_sorted.c utils.c sort_algo.c sort_algo_continue.c utils2.c array.c find_median.c
#  Implicit rule search has not been done.
#  Last modified 2023-05-16 15:05:37
#  File has been updated.
#  Successfully updated.
# variable set hash-table stats:
# Load=0/32=0%, Rehash=0, Collisions=0/0=0%
#  commands to execute (from `Makefile', line 29):
	cc -c $(FLAGS) $(SRCS) -I $(HEADER)
	

push_swap: push_swap.o get_real_args.o error.o check_argv.o stack_init.o rotate.o push.o reverse_rotate.o swap.o small_sort.o is_sorted.o utils.o sort_algo.o sort_algo_continue.o utils2.o array.o find_median.o
#  Implicit rule search has not been done.
 
#  Last modified 2023-05-16 15:05:39
#  File has been updated.
#  Successfully updated.
# variable set hash-table stats:
# Load=0/32=0%, Rehash=0, Collisions=0/0=0%
#  commands to execute (from `Makefile', line 25):
	make -C libft all
	cc $(FLAGS) $(OBJS) -o $(NAME) libft/libft.a
	

# Not a target:
error.c:
#  Implicit rule search has been done.
#  Last modified 2023-05-16 14:29:43
#  File has been updated.
#  Successfully updated.
# variable set hash-table stats:
# Load=0/32=0%, Rehash=0, Collisions=0/0=0%

utils.o: push_swap.c get_real_args.c error.c check_argv.c stack_init.c rotate.c push.c reverse_rotate.c swap.c small_sort.c is_sorted.c utils.c sort_algo.c sort_algo_continue.c utils2.c array.c find_median.c
#  Implicit rule search has not been done.
#  Last modified 2023-05-16 15:05:38
#  File has been updated.
#  Successfully updated.
#  commands to execute (from `Makefile', line 29):
	cc -c $(FLAGS) $(SRCS) -I $(HEADER)
	

swap.o: push_swap.c get_real_args.c error.c check_argv.c stack_init.c rotate.c push.c reverse_rotate.c swap.c small_sort.c is_sorted.c utils.c sort_algo.c sort_algo_continue.c utils2.c array.c find_median.c
#  Implicit rule search has not been done.
#  Last modified 2023-05-16 15:05:38
#  File has been updated.
#  Successfully updated.
#  commands to execute (from `Makefile', line 29):
	cc -c $(FLAGS) $(SRCS) -I $(HEADER)
	

# Not a target:
sort_algo_continue.c:
#  Implicit rule search has been done.
#  Last modified 2023-05-16 13:36:17
#  File has been updated.
#  Successfully updated.
# variable set hash-table stats:
# Load=0/32=0%, Rehash=0, Collisions=0/0=0%

# files hash-table stats:
# Load=46/1024=4%, Rehash=0, Collisions=21/374=6%
# VPATH Search Paths

# No `vpath' search paths.

# No general (`VPATH' variable) search path.

# # of strings in strcache: 1
# # of strcache buffers: 1
# strcache size: total = 4096 / max = 4096 / min = 4096 / avg = 4096
# strcache free: total = 4087 / max = 4087 / min = 4087 / avg = 4087

# Finished Make data base on Tue May 16 17:19:52 2023

 
